  02_Shop.cpp
c:\users\user\desktop\00.sga project\projectscripts\whatgame\whatgame\02_shop.cpp(117): warning C4018: '<': signed 또는 unsigned가 일치하지 않습니다.
c:\users\user\desktop\00.sga project\projectscripts\whatgame\whatgame\02_shop.cpp(131): warning C4018: '>': signed 또는 unsigned가 일치하지 않습니다.
c:\users\user\desktop\00.sga project\projectscripts\whatgame\whatgame\02_shop.cpp(137): warning C4018: '>=': signed 또는 unsigned가 일치하지 않습니다.
c:\users\user\desktop\00.sga project\projectscripts\whatgame\whatgame\02_shop.cpp(142): warning C4018: '<': signed 또는 unsigned가 일치하지 않습니다.
c:\users\user\desktop\00.sga project\projectscripts\whatgame\whatgame\02_shop.cpp(169): warning C4018: '<': signed 또는 unsigned가 일치하지 않습니다.
c:\users\user\desktop\00.sga project\projectscripts\whatgame\whatgame\02_shop.cpp(183): warning C4018: '>': signed 또는 unsigned가 일치하지 않습니다.
c:\users\user\desktop\00.sga project\projectscripts\whatgame\whatgame\02_shop.cpp(189): warning C4018: '>=': signed 또는 unsigned가 일치하지 않습니다.
c:\users\user\desktop\00.sga project\projectscripts\whatgame\whatgame\02_shop.cpp(194): warning C4018: '<': signed 또는 unsigned가 일치하지 않습니다.
c:\users\user\desktop\00.sga project\projectscripts\whatgame\whatgame\02_shop.cpp(221): warning C4018: '<': signed 또는 unsigned가 일치하지 않습니다.
c:\users\user\desktop\00.sga project\projectscripts\whatgame\whatgame\02_shop.cpp(225): warning C4018: '<': signed 또는 unsigned가 일치하지 않습니다.
c:\users\user\desktop\00.sga project\projectscripts\whatgame\whatgame\02_shop.cpp(239): warning C4018: '>': signed 또는 unsigned가 일치하지 않습니다.
c:\users\user\desktop\00.sga project\projectscripts\whatgame\whatgame\02_shop.cpp(242): warning C4018: '>': signed 또는 unsigned가 일치하지 않습니다.
c:\users\user\desktop\00.sga project\projectscripts\whatgame\whatgame\02_shop.cpp(253): warning C4018: '<': signed 또는 unsigned가 일치하지 않습니다.
c:\users\user\desktop\00.sga project\projectscripts\whatgame\whatgame\02_shop.cpp(276): warning C4018: '>': signed 또는 unsigned가 일치하지 않습니다.
c:\users\user\desktop\00.sga project\projectscripts\whatgame\whatgame\02_shop.cpp(287): warning C4018: '<': signed 또는 unsigned가 일치하지 않습니다.
c:\users\user\desktop\00.sga project\projectscripts\whatgame\whatgame\02_shop.cpp(341): warning C4018: '<': signed 또는 unsigned가 일치하지 않습니다.
c:\users\user\desktop\00.sga project\projectscripts\whatgame\whatgame\02_shop.cpp(345): warning C4018: '<': signed 또는 unsigned가 일치하지 않습니다.
c:\users\user\desktop\00.sga project\projectscripts\whatgame\whatgame\02_shop.cpp(356): warning C4018: '>': signed 또는 unsigned가 일치하지 않습니다.
c:\users\user\desktop\00.sga project\projectscripts\whatgame\whatgame\02_shop.cpp(363): warning C4018: '>': signed 또는 unsigned가 일치하지 않습니다.
c:\users\user\desktop\00.sga project\projectscripts\whatgame\whatgame\02_shop.cpp(366): warning C4018: '<': signed 또는 unsigned가 일치하지 않습니다.
c:\users\user\desktop\00.sga project\projectscripts\whatgame\whatgame\02_shop.cpp(391): warning C4018: '<': signed 또는 unsigned가 일치하지 않습니다.
  WhatGame.vcxproj -> C:\Users\user\Desktop\00.SGA Project\ProjectScripts\WhatGame\Debug\WhatGame.exe
